\BOOKMARK [0][-]{chapter.4}{\376\377\000I\000n\000t\000r\000o\000d\000u\000c\000t\000i\000o\000n}{}% 1
\BOOKMARK [1][-]{section.5}{\376\377\000A\000p\000p\000l\000i\000c\000a\000t\000i\000o\000n\000\040\000c\000o\000n\000t\000e\000x\000t}{chapter.4}% 2
\BOOKMARK [1][-]{section.6}{\376\377\000M\000o\000t\000i\000v\000a\000t\000i\000o\000n\000s\000\040\000a\000n\000d\000\040\000O\000b\000j\000e\000c\000t\000i\000v\000e\000s}{chapter.4}% 3
\BOOKMARK [1][-]{section.7}{\376\377\000R\000e\000s\000u\000l\000t\000s}{chapter.4}% 4
\BOOKMARK [1][-]{section.8}{\376\377\000D\000o\000c\000u\000m\000e\000n\000t\000\040\000S\000t\000r\000u\000c\000t\000u\000r\000e}{chapter.4}% 5
\BOOKMARK [0][-]{chapter.9}{\376\377\000D\000e\000e\000p\000\040\000L\000e\000a\000r\000n\000i\000n\000g\000\040\000a\000n\000d\000\040\000C\000u\000r\000r\000i\000c\000u\000l\000u\000m\000\040\000L\000e\000a\000r\000n\000i\000n\000g}{}% 6
\BOOKMARK [1][-]{section.10}{\376\377\000S\000t\000a\000t\000e\000\040\000o\000f\000\040\000t\000h\000e\000\040\000a\000r\000t}{chapter.9}% 7
\BOOKMARK [1][-]{section.11}{\376\377\000C\000u\000r\000r\000i\000c\000u\000l\000u\000m\000\040\000L\000e\000a\000r\000n\000i\000n\000g\000\040\000r\000e\000l\000a\000t\000e\000d\000\040\000w\000o\000r\000k\000s}{chapter.9}% 8
\BOOKMARK [1][-]{section.12}{\376\377\000C\000u\000r\000r\000i\000c\000u\000l\000u\000m\000\040\000L\000e\000a\000r\000n\000i\000n\000g\000\040\000a\000p\000p\000l\000i\000c\000a\000t\000i\000o\000n\000\040\000i\000n\000\040\000D\000e\000e\000p\000\040\000L\000e\000a\000r\000n\000i\000n\000g\000\040\000t\000a\000s\000k\000s}{chapter.9}% 9
\BOOKMARK [0][-]{chapter.13}{\376\377\000D\000e\000e\000p\000\040\000L\000e\000a\000r\000n\000i\000n\000g\000\040\000A\000p\000p\000l\000i\000c\000a\000t\000i\000o\000n\000s\000\040\000t\000o\000\040\000S\000o\000f\000t\000w\000a\000r\000e\000\040\000E\000n\000g\000i\000n\000e\000e\000r\000i\000n\000g\000\040\000t\000a\000s\000k\000s}{}% 10
\BOOKMARK [1][-]{section.14}{\376\377\000S\000t\000a\000t\000e\000\040\000o\000f\000\040\000t\000h\000e\000\040\000a\000r\000t}{chapter.13}% 11
\BOOKMARK [1][-]{section.15}{\376\377\000S\000o\000f\000t\000w\000a\000r\000e\000\040\000E\000n\000g\000i\000n\000e\000e\000r\000i\000n\000g\000\040\000r\000e\000l\000a\000t\000e\000d\000\040\000w\000o\000r\000k\000s}{chapter.13}% 12
\BOOKMARK [2][-]{subsection.16}{\376\377\000B\000u\000g\000\040\000f\000i\000x\000i\000n\000g\000\040\000t\000a\000s\000k}{section.15}% 13
\BOOKMARK [2][-]{subsection.17}{\376\377\000C\000o\000d\000e\000\040\000s\000u\000m\000m\000a\000r\000i\000z\000a\000t\000i\000o\000n\000\040\000t\000a\000s\000k}{section.15}% 14
\BOOKMARK [2][-]{subsection.18}{\376\377\000L\000o\000g\000\040\000g\000e\000n\000e\000r\000a\000t\000i\000o\000n\000\040\000t\000a\000s\000k}{section.15}% 15
\BOOKMARK [1][-]{section.19}{}{chapter.13}% 16
\BOOKMARK [0][-]{chapter.20}{\376\377\000C\000a\000s\000e\000\040\000S\000t\000u\000d\000y}{}% 17
\BOOKMARK [1][-]{section.22}{\376\377\000N\000e\000u\000r\000a\000l\000\040\000M\000a\000c\000h\000i\000n\000e\000\040\000T\000r\000a\000n\000s\000l\000a\000t\000i\000o\000n}{chapter.20}% 18
\BOOKMARK [1][-]{section.23}{\376\377\000C\000a\000n\000o\000n\000i\000c\000a\000l\000\040\000T\000r\000a\000i\000n\000i\000n\000g}{chapter.20}% 19
\BOOKMARK [1][-]{section.24}{\376\377\000T\000r\000a\000i\000n\000i\000n\000g\000\040\000w\000i\000t\000h\000\040\000C\000u\000r\000r\000i\000c\000u\000l\000u\000m\000\040\000L\000e\000a\000r\000n\000i\000n\000g}{chapter.20}% 20
\BOOKMARK [1][-]{section.25}{\376\377\000B\000u\000g\000\040\000f\000i\000x\000i\000n\000g\000\040\000t\000a\000s\000k}{chapter.20}% 21
\BOOKMARK [2][-]{subsection.26}{\376\377\000D\000a\000t\000a\000s\000e\000t\000\040\000c\000h\000a\000r\000a\000c\000t\000e\000r\000i\000s\000t\000i\000c\000s}{section.25}% 22
\BOOKMARK [2][-]{subsection.31}{\376\377\000D\000i\000f\000f\000i\000c\000u\000l\000t\000y\000\040\000M\000e\000a\000s\000u\000r\000e\000r}{section.25}% 23
\BOOKMARK [2][-]{subsection.32}{\376\377\000T\000r\000a\000i\000n\000i\000n\000g\000\040\000S\000c\000h\000e\000d\000u\000l\000e\000r}{section.25}% 24
\BOOKMARK [1][-]{section.33}{\376\377\000C\000o\000d\000e\000\040\000s\000u\000m\000m\000a\000r\000i\000z\000a\000t\000i\000o\000n\000\040\000t\000a\000s\000k}{chapter.20}% 25
\BOOKMARK [2][-]{subsection.34}{\376\377\000D\000a\000t\000a\000s\000e\000t\000\040\000c\000h\000a\000r\000a\000c\000t\000e\000r\000i\000s\000t\000i\000c\000s}{section.33}% 26
\BOOKMARK [2][-]{subsection.42}{\376\377\000D\000i\000f\000f\000i\000c\000u\000l\000t\000y\000\040\000M\000e\000a\000s\000u\000r\000e\000r}{section.33}% 27
\BOOKMARK [2][-]{subsection.44}{\376\377\000T\000r\000a\000i\000n\000i\000n\000g\000\040\000S\000c\000h\000e\000d\000u\000l\000e\000r}{section.33}% 28
\BOOKMARK [1][-]{section.45}{\376\377\000L\000o\000g\000\040\000g\000e\000n\000e\000r\000a\000t\000i\000o\000n\000\040\000t\000a\000s\000k}{chapter.20}% 29
\BOOKMARK [2][-]{subsection.46}{\376\377\000D\000a\000t\000a\000s\000e\000t\000\040\000c\000h\000a\000r\000a\000c\000t\000e\000r\000i\000s\000t\000i\000c\000s}{section.45}% 30
\BOOKMARK [2][-]{subsection.70}{\376\377\000D\000i\000f\000f\000i\000c\000u\000l\000t\000y\000\040\000M\000e\000a\000s\000u\000r\000e\000r}{section.45}% 31
\BOOKMARK [2][-]{subsection.71}{\376\377\000T\000r\000a\000i\000n\000i\000n\000g\000\040\000S\000c\000h\000e\000d\000u\000l\000e\000r}{section.45}% 32
\BOOKMARK [0][-]{chapter.72}{\376\377\000A\000n\000a\000l\000y\000s\000i\000s\000\040\000o\000f\000\040\000r\000e\000s\000u\000l\000t\000s}{}% 33
\BOOKMARK [1][-]{section.73}{\376\377\000B\000u\000g\000\040\000f\000i\000x\000i\000n\000g\000\040\000t\000a\000s\000k}{chapter.72}% 34
\BOOKMARK [1][-]{section.74}{\376\377\000C\000o\000d\000e\000\040\000s\000u\000m\000m\000a\000r\000i\000z\000a\000t\000i\000o\000n\000\040\000t\000a\000s\000k}{chapter.72}% 35
\BOOKMARK [1][-]{section.75}{\376\377\000L\000o\000g\000\040\000g\000e\000n\000e\000r\000a\000t\000i\000o\000n\000\040\000t\000a\000s\000k}{chapter.72}% 36
\BOOKMARK [0][-]{chapter.76}{\376\377\000C\000o\000n\000c\000l\000u\000s\000i\000o\000n}{}% 37
\BOOKMARK [0][-]{appendix.77}{\376\377\000A\000p\000p\000e\000n\000d\000i\000x}{}% 38
